This file contains any messages produced by compilers while
running configure, to aid debugging if configure makes a mistake.

It was created by dcm_to_4dfp configure 1.0.3, which was
generated by GNU Autoconf 2.69.  Invocation command line was

  $ ./configure --with-TRX=/home/yisu/PUP-test/4dfp/TRX --exec-prefix=/home/yisu/niltools

## --------- ##
## Platform. ##
## --------- ##

hostname = interstellar
uname -m = x86_64
uname -r = 4.8.0-59-generic
uname -s = Linux
uname -v = #64-Ubuntu SMP Thu Jun 29 19:38:34 UTC 2017

/usr/bin/uname -p = unknown
/bin/uname -X     = unknown

/bin/arch              = unknown
/usr/bin/arch -k       = unknown
/usr/convex/getsysinfo = unknown
/usr/bin/hostinfo      = unknown
/bin/machine           = unknown
/usr/bin/oslevel       = unknown
/bin/universe          = unknown

PATH: /home/yisu/bin
PATH: /home/yisu/.local/bin
PATH: /usr/local/sbin
PATH: /usr/local/bin
PATH: /usr/sbin
PATH: /usr/bin
PATH: /sbin
PATH: /bin
PATH: /usr/games
PATH: /usr/local/games
PATH: /snap/bin


## ----------- ##
## Core tests. ##
## ----------- ##

configure:2429: checking for a BSD-compatible install
configure:2497: result: /usr/bin/install -c
configure:2508: checking whether build environment is sane
configure:2558: result: yes
configure:2699: checking for a thread-safe mkdir -p
configure:2738: result: /bin/mkdir -p
configure:2751: checking for gawk
configure:2781: result: no
configure:2751: checking for mawk
configure:2767: found /usr/bin/mawk
configure:2778: result: mawk
configure:2789: checking whether make sets $(MAKE)
configure:2811: result: yes
configure:2941: checking for gcc
configure:2957: found /usr/bin/gcc
configure:2968: result: gcc
configure:3197: checking for C compiler version
configure:3206: gcc --version >&5
gcc (Ubuntu 6.2.0-5ubuntu12) 6.2.0 20161005
Copyright (C) 2016 Free Software Foundation, Inc.
This is free software; see the source for copying conditions.  There is NO
warranty; not even for MERCHANTABILITY or FITNESS FOR A PARTICULAR PURPOSE.

configure:3217: $? = 0
configure:3206: gcc -v >&5
Using built-in specs.
COLLECT_GCC=gcc
COLLECT_LTO_WRAPPER=/usr/lib/gcc/x86_64-linux-gnu/6/lto-wrapper
Target: x86_64-linux-gnu
Configured with: ../src/configure -v --with-pkgversion='Ubuntu 6.2.0-5ubuntu12' --with-bugurl=file:///usr/share/doc/gcc-6/README.Bugs --enable-languages=c,ada,c++,java,go,d,fortran,objc,obj-c++ --prefix=/usr --program-suffix=-6 --program-prefix=x86_64-linux-gnu- --enable-shared --enable-linker-build-id --libexecdir=/usr/lib --without-included-gettext --enable-threads=posix --libdir=/usr/lib --enable-nls --with-sysroot=/ --enable-clocale=gnu --enable-libstdcxx-debug --enable-libstdcxx-time=yes --with-default-libstdcxx-abi=new --enable-gnu-unique-object --disable-vtable-verify --enable-libmpx --enable-plugin --enable-default-pie --with-system-zlib --disable-browser-plugin --enable-java-awt=gtk --enable-gtk-cairo --with-java-home=/usr/lib/jvm/java-1.5.0-gcj-6-amd64/jre --enable-java-home --with-jvm-root-dir=/usr/lib/jvm/java-1.5.0-gcj-6-amd64 --with-jvm-jar-dir=/usr/lib/jvm-exports/java-1.5.0-gcj-6-amd64 --with-arch-directory=amd64 --with-ecj-jar=/usr/share/java/eclipse-ecj.jar --enable-objc-gc --enable-multiarch --disable-werror --with-arch-32=i686 --with-abi=m64 --with-multilib-list=m32,m64,mx32 --enable-multilib --with-tune=generic --enable-checking=release --build=x86_64-linux-gnu --host=x86_64-linux-gnu --target=x86_64-linux-gnu
Thread model: posix
gcc version 6.2.0 20161005 (Ubuntu 6.2.0-5ubuntu12) 
configure:3217: $? = 0
configure:3206: gcc -V >&5
gcc: error: unrecognized command line option '-V'
gcc: fatal error: no input files
compilation terminated.
configure:3217: $? = 1
configure:3206: gcc -qversion >&5
gcc: error: unrecognized command line option '-qversion'; did you mean '--version'?
gcc: fatal error: no input files
compilation terminated.
configure:3217: $? = 1
configure:3237: checking whether the C compiler works
configure:3259: gcc    conftest.c  >&5
configure:3263: $? = 0
configure:3311: result: yes
configure:3314: checking for C compiler default output file name
configure:3316: result: a.out
configure:3322: checking for suffix of executables
configure:3329: gcc -o conftest    conftest.c  >&5
configure:3333: $? = 0
configure:3355: result: 
configure:3377: checking whether we are cross compiling
configure:3385: gcc -o conftest    conftest.c  >&5
configure:3389: $? = 0
configure:3396: ./conftest
configure:3400: $? = 0
configure:3415: result: no
configure:3420: checking for suffix of object files
configure:3442: gcc -c   conftest.c >&5
configure:3446: $? = 0
configure:3467: result: o
configure:3471: checking whether we are using the GNU C compiler
configure:3490: gcc -c   conftest.c >&5
configure:3490: $? = 0
configure:3499: result: yes
configure:3508: checking whether gcc accepts -g
configure:3528: gcc -c -g  conftest.c >&5
configure:3528: $? = 0
configure:3569: result: yes
configure:3586: checking for gcc option to accept ISO C89
configure:3649: gcc  -c -g -O2  conftest.c >&5
configure:3649: $? = 0
configure:3662: result: none needed
configure:3693: checking for style of include used by make
configure:3721: result: GNU
configure:3747: checking dependency style of gcc
configure:3858: result: gcc3
configure:3916: checking for ranlib
configure:3932: found /usr/bin/ranlib
configure:3943: result: ranlib
configure:3966: checking whether gcc and cc understand -c and -o together
configure:3997: gcc -c conftest.c -o conftest2.o >&5
configure:4001: $? = 0
configure:4007: gcc -c conftest.c -o conftest2.o >&5
configure:4011: $? = 0
configure:4022: cc -c conftest.c >&5
configure:4026: $? = 0
configure:4034: cc -c conftest.c -o conftest2.o >&5
configure:4038: $? = 0
configure:4044: cc -c conftest.c -o conftest2.o >&5
configure:4048: $? = 0
configure:4066: result: yes
configure:4106: checking for /home/yisu/PUP-test/4dfp/TRX/rec.o
configure:4120: result: yes
configure:4129: checking for /home/yisu/PUP-test/4dfp/TRX/Getifh.o
configure:4143: result: yes
configure:4152: checking for /home/yisu/PUP-test/4dfp/TRX/endianio.o
configure:4166: result: yes
configure:4180: checking for dirent.h that defines DIR
configure:4199: gcc -c -g -O2  conftest.c >&5
configure:4199: $? = 0
configure:4207: result: yes
configure:4220: checking for library containing opendir
configure:4251: gcc -o conftest -g -O2   conftest.c  >&5
configure:4251: $? = 0
configure:4268: result: none required
configure:4340: checking how to run the C preprocessor
configure:4371: gcc -E  conftest.c
configure:4371: $? = 0
configure:4385: gcc -E  conftest.c
conftest.c:12:28: fatal error: ac_nonexistent.h: No such file or directory
 #include <ac_nonexistent.h>
                            ^
compilation terminated.
configure:4385: $? = 1
configure: failed program was:
| /* confdefs.h */
| #define PACKAGE_NAME "dcm_to_4dfp"
| #define PACKAGE_TARNAME "dcm_to_4dfp"
| #define PACKAGE_VERSION "1.0.3"
| #define PACKAGE_STRING "dcm_to_4dfp 1.0.3"
| #define PACKAGE_BUGREPORT "karchie@wustl.edu"
| #define PACKAGE_URL ""
| #define PACKAGE "dcm_to_4dfp"
| #define VERSION "1.0.3"
| #define HAVE_DIRENT_H 1
| /* end confdefs.h.  */
| #include <ac_nonexistent.h>
configure:4410: result: gcc -E
configure:4430: gcc -E  conftest.c
configure:4430: $? = 0
configure:4444: gcc -E  conftest.c
conftest.c:12:28: fatal error: ac_nonexistent.h: No such file or directory
 #include <ac_nonexistent.h>
                            ^
compilation terminated.
configure:4444: $? = 1
configure: failed program was:
| /* confdefs.h */
| #define PACKAGE_NAME "dcm_to_4dfp"
| #define PACKAGE_TARNAME "dcm_to_4dfp"
| #define PACKAGE_VERSION "1.0.3"
| #define PACKAGE_STRING "dcm_to_4dfp 1.0.3"
| #define PACKAGE_BUGREPORT "karchie@wustl.edu"
| #define PACKAGE_URL ""
| #define PACKAGE "dcm_to_4dfp"
| #define VERSION "1.0.3"
| #define HAVE_DIRENT_H 1
| /* end confdefs.h.  */
| #include <ac_nonexistent.h>
configure:4473: checking for grep that handles long lines and -e
configure:4531: result: /bin/grep
configure:4536: checking for egrep
configure:4598: result: /bin/grep -E
configure:4603: checking for ANSI C header files
configure:4623: gcc -c -g -O2  conftest.c >&5
configure:4623: $? = 0
configure:4696: gcc -o conftest -g -O2   conftest.c  >&5
configure:4696: $? = 0
configure:4696: ./conftest
configure:4696: $? = 0
configure:4707: result: yes
configure:4715: checking for sys/wait.h that is POSIX.1 compatible
configure:4741: gcc -c -g -O2  conftest.c >&5
configure:4741: $? = 0
configure:4748: result: yes
configure:4761: checking for sys/types.h
configure:4761: gcc -c -g -O2  conftest.c >&5
configure:4761: $? = 0
configure:4761: result: yes
configure:4761: checking for sys/stat.h
configure:4761: gcc -c -g -O2  conftest.c >&5
configure:4761: $? = 0
configure:4761: result: yes
configure:4761: checking for stdlib.h
configure:4761: gcc -c -g -O2  conftest.c >&5
configure:4761: $? = 0
configure:4761: result: yes
configure:4761: checking for string.h
configure:4761: gcc -c -g -O2  conftest.c >&5
configure:4761: $? = 0
configure:4761: result: yes
configure:4761: checking for memory.h
configure:4761: gcc -c -g -O2  conftest.c >&5
configure:4761: $? = 0
configure:4761: result: yes
configure:4761: checking for strings.h
configure:4761: gcc -c -g -O2  conftest.c >&5
configure:4761: $? = 0
configure:4761: result: yes
configure:4761: checking for inttypes.h
configure:4761: gcc -c -g -O2  conftest.c >&5
configure:4761: $? = 0
configure:4761: result: yes
configure:4761: checking for stdint.h
configure:4761: gcc -c -g -O2  conftest.c >&5
configure:4761: $? = 0
configure:4761: result: yes
configure:4761: checking for unistd.h
configure:4761: gcc -c -g -O2  conftest.c >&5
configure:4761: $? = 0
configure:4761: result: yes
configure:4776: checking fcntl.h usability
configure:4776: gcc -c -g -O2  conftest.c >&5
configure:4776: $? = 0
configure:4776: result: yes
configure:4776: checking fcntl.h presence
configure:4776: gcc -E  conftest.c
configure:4776: $? = 0
configure:4776: result: yes
configure:4776: checking for fcntl.h
configure:4776: result: yes
configure:4776: checking limits.h usability
configure:4776: gcc -c -g -O2  conftest.c >&5
configure:4776: $? = 0
configure:4776: result: yes
configure:4776: checking limits.h presence
configure:4776: gcc -E  conftest.c
configure:4776: $? = 0
configure:4776: result: yes
configure:4776: checking for limits.h
configure:4776: result: yes
configure:4776: checking malloc.h usability
configure:4776: gcc -c -g -O2  conftest.c >&5
configure:4776: $? = 0
configure:4776: result: yes
configure:4776: checking malloc.h presence
configure:4776: gcc -E  conftest.c
configure:4776: $? = 0
configure:4776: result: yes
configure:4776: checking for malloc.h
configure:4776: result: yes
configure:4776: checking netdb.h usability
configure:4776: gcc -c -g -O2  conftest.c >&5
configure:4776: $? = 0
configure:4776: result: yes
configure:4776: checking netdb.h presence
configure:4776: gcc -E  conftest.c
configure:4776: $? = 0
configure:4776: result: yes
configure:4776: checking for netdb.h
configure:4776: result: yes
configure:4776: checking netinet/in.h usability
configure:4776: gcc -c -g -O2  conftest.c >&5
configure:4776: $? = 0
configure:4776: result: yes
configure:4776: checking netinet/in.h presence
configure:4776: gcc -E  conftest.c
configure:4776: $? = 0
configure:4776: result: yes
configure:4776: checking for netinet/in.h
configure:4776: result: yes
configure:4776: checking stddef.h usability
configure:4776: gcc -c -g -O2  conftest.c >&5
configure:4776: $? = 0
configure:4776: result: yes
configure:4776: checking stddef.h presence
configure:4776: gcc -E  conftest.c
configure:4776: $? = 0
configure:4776: result: yes
configure:4776: checking for stddef.h
configure:4776: result: yes
configure:4776: checking for stdlib.h
configure:4776: result: yes
configure:4776: checking for string.h
configure:4776: result: yes
configure:4776: checking sys/file.h usability
configure:4776: gcc -c -g -O2  conftest.c >&5
configure:4776: $? = 0
configure:4776: result: yes
configure:4776: checking sys/file.h presence
configure:4776: gcc -E  conftest.c
configure:4776: $? = 0
configure:4776: result: yes
configure:4776: checking for sys/file.h
configure:4776: result: yes
configure:4776: checking sys/param.h usability
configure:4776: gcc -c -g -O2  conftest.c >&5
configure:4776: $? = 0
configure:4776: result: yes
configure:4776: checking sys/param.h presence
configure:4776: gcc -E  conftest.c
configure:4776: $? = 0
configure:4776: result: yes
configure:4776: checking for sys/param.h
configure:4776: result: yes
configure:4776: checking sys/socket.h usability
configure:4776: gcc -c -g -O2  conftest.c >&5
configure:4776: $? = 0
configure:4776: result: yes
configure:4776: checking sys/socket.h presence
configure:4776: gcc -E  conftest.c
configure:4776: $? = 0
configure:4776: result: yes
configure:4776: checking for sys/socket.h
configure:4776: result: yes
configure:4776: checking sys/time.h usability
configure:4776: gcc -c -g -O2  conftest.c >&5
configure:4776: $? = 0
configure:4776: result: yes
configure:4776: checking sys/time.h presence
configure:4776: gcc -E  conftest.c
configure:4776: $? = 0
configure:4776: result: yes
configure:4776: checking for sys/time.h
configure:4776: result: yes
configure:4776: checking sys/timeb.h usability
configure:4776: gcc -c -g -O2  conftest.c >&5
configure:4776: $? = 0
configure:4776: result: yes
configure:4776: checking sys/timeb.h presence
configure:4776: gcc -E  conftest.c
configure:4776: $? = 0
configure:4776: result: yes
configure:4776: checking for sys/timeb.h
configure:4776: result: yes
configure:4776: checking for unistd.h
configure:4776: result: yes
configure:4776: checking regex.h usability
configure:4776: gcc -c -g -O2  conftest.c >&5
configure:4776: $? = 0
configure:4776: result: yes
configure:4776: checking regex.h presence
configure:4776: gcc -E  conftest.c
configure:4776: $? = 0
configure:4776: result: yes
configure:4776: checking for regex.h
configure:4776: result: yes
configure:4788: checking for an ANSI C-conforming const
configure:4854: gcc -c -g -O2  conftest.c >&5
configure:4854: $? = 0
configure:4861: result: yes
configure:4869: checking for off_t
configure:4869: gcc -c -g -O2  conftest.c >&5
configure:4869: $? = 0
configure:4869: gcc -c -g -O2  conftest.c >&5
conftest.c: In function 'main':
conftest.c:74:20: error: expected expression before ')' token
 if (sizeof ((off_t)))
                    ^
configure:4869: $? = 1
configure: failed program was:
| /* confdefs.h */
| #define PACKAGE_NAME "dcm_to_4dfp"
| #define PACKAGE_TARNAME "dcm_to_4dfp"
| #define PACKAGE_VERSION "1.0.3"
| #define PACKAGE_STRING "dcm_to_4dfp 1.0.3"
| #define PACKAGE_BUGREPORT "karchie@wustl.edu"
| #define PACKAGE_URL ""
| #define PACKAGE "dcm_to_4dfp"
| #define VERSION "1.0.3"
| #define HAVE_DIRENT_H 1
| #define STDC_HEADERS 1
| #define HAVE_SYS_WAIT_H 1
| #define HAVE_SYS_TYPES_H 1
| #define HAVE_SYS_STAT_H 1
| #define HAVE_STDLIB_H 1
| #define HAVE_STRING_H 1
| #define HAVE_MEMORY_H 1
| #define HAVE_STRINGS_H 1
| #define HAVE_INTTYPES_H 1
| #define HAVE_STDINT_H 1
| #define HAVE_UNISTD_H 1
| #define HAVE_FCNTL_H 1
| #define HAVE_LIMITS_H 1
| #define HAVE_MALLOC_H 1
| #define HAVE_NETDB_H 1
| #define HAVE_NETINET_IN_H 1
| #define HAVE_STDDEF_H 1
| #define HAVE_STDLIB_H 1
| #define HAVE_STRING_H 1
| #define HAVE_SYS_FILE_H 1
| #define HAVE_SYS_PARAM_H 1
| #define HAVE_SYS_SOCKET_H 1
| #define HAVE_SYS_TIME_H 1
| #define HAVE_SYS_TIMEB_H 1
| #define HAVE_UNISTD_H 1
| #define HAVE_REGEX_H 1
| /* end confdefs.h.  */
| #include <stdio.h>
| #ifdef HAVE_SYS_TYPES_H
| # include <sys/types.h>
| #endif
| #ifdef HAVE_SYS_STAT_H
| # include <sys/stat.h>
| #endif
| #ifdef STDC_HEADERS
| # include <stdlib.h>
| # include <stddef.h>
| #else
| # ifdef HAVE_STDLIB_H
| #  include <stdlib.h>
| # endif
| #endif
| #ifdef HAVE_STRING_H
| # if !defined STDC_HEADERS && defined HAVE_MEMORY_H
| #  include <memory.h>
| # endif
| # include <string.h>
| #endif
| #ifdef HAVE_STRINGS_H
| # include <strings.h>
| #endif
| #ifdef HAVE_INTTYPES_H
| # include <inttypes.h>
| #endif
| #ifdef HAVE_STDINT_H
| # include <stdint.h>
| #endif
| #ifdef HAVE_UNISTD_H
| # include <unistd.h>
| #endif
| int
| main ()
| {
| if (sizeof ((off_t)))
| 	    return 0;
|   ;
|   return 0;
| }
configure:4869: result: yes
configure:4880: checking for size_t
configure:4880: gcc -c -g -O2  conftest.c >&5
configure:4880: $? = 0
configure:4880: gcc -c -g -O2  conftest.c >&5
conftest.c: In function 'main':
conftest.c:74:21: error: expected expression before ')' token
 if (sizeof ((size_t)))
                     ^
configure:4880: $? = 1
configure: failed program was:
| /* confdefs.h */
| #define PACKAGE_NAME "dcm_to_4dfp"
| #define PACKAGE_TARNAME "dcm_to_4dfp"
| #define PACKAGE_VERSION "1.0.3"
| #define PACKAGE_STRING "dcm_to_4dfp 1.0.3"
| #define PACKAGE_BUGREPORT "karchie@wustl.edu"
| #define PACKAGE_URL ""
| #define PACKAGE "dcm_to_4dfp"
| #define VERSION "1.0.3"
| #define HAVE_DIRENT_H 1
| #define STDC_HEADERS 1
| #define HAVE_SYS_WAIT_H 1
| #define HAVE_SYS_TYPES_H 1
| #define HAVE_SYS_STAT_H 1
| #define HAVE_STDLIB_H 1
| #define HAVE_STRING_H 1
| #define HAVE_MEMORY_H 1
| #define HAVE_STRINGS_H 1
| #define HAVE_INTTYPES_H 1
| #define HAVE_STDINT_H 1
| #define HAVE_UNISTD_H 1
| #define HAVE_FCNTL_H 1
| #define HAVE_LIMITS_H 1
| #define HAVE_MALLOC_H 1
| #define HAVE_NETDB_H 1
| #define HAVE_NETINET_IN_H 1
| #define HAVE_STDDEF_H 1
| #define HAVE_STDLIB_H 1
| #define HAVE_STRING_H 1
| #define HAVE_SYS_FILE_H 1
| #define HAVE_SYS_PARAM_H 1
| #define HAVE_SYS_SOCKET_H 1
| #define HAVE_SYS_TIME_H 1
| #define HAVE_SYS_TIMEB_H 1
| #define HAVE_UNISTD_H 1
| #define HAVE_REGEX_H 1
| /* end confdefs.h.  */
| #include <stdio.h>
| #ifdef HAVE_SYS_TYPES_H
| # include <sys/types.h>
| #endif
| #ifdef HAVE_SYS_STAT_H
| # include <sys/stat.h>
| #endif
| #ifdef STDC_HEADERS
| # include <stdlib.h>
| # include <stddef.h>
| #else
| # ifdef HAVE_STDLIB_H
| #  include <stdlib.h>
| # endif
| #endif
| #ifdef HAVE_STRING_H
| # if !defined STDC_HEADERS && defined HAVE_MEMORY_H
| #  include <memory.h>
| # endif
| # include <string.h>
| #endif
| #ifdef HAVE_STRINGS_H
| # include <strings.h>
| #endif
| #ifdef HAVE_INTTYPES_H
| # include <inttypes.h>
| #endif
| #ifdef HAVE_STDINT_H
| # include <stdint.h>
| #endif
| #ifdef HAVE_UNISTD_H
| # include <unistd.h>
| #endif
| int
| main ()
| {
| if (sizeof ((size_t)))
| 	    return 0;
|   ;
|   return 0;
| }
configure:4880: result: yes
configure:4891: checking whether time.h and sys/time.h may both be included
configure:4911: gcc -c -g -O2  conftest.c >&5
configure:4911: $? = 0
configure:4918: result: yes
configure:4926: checking whether struct tm is in sys/time.h or time.h
configure:4946: gcc -c -g -O2  conftest.c >&5
configure:4946: $? = 0
configure:4953: result: time.h
configure:4966: checking size of short
configure:4971: gcc -o conftest -g -O2   conftest.c  >&5
configure:4971: $? = 0
configure:4971: ./conftest
configure:4971: $? = 0
configure:4985: result: 2
configure:4999: checking size of long
configure:5004: gcc -o conftest -g -O2   conftest.c  >&5
configure:5004: $? = 0
configure:5004: ./conftest
configure:5004: $? = 0
configure:5018: result: 8
configure:5032: checking size of int
configure:5037: gcc -o conftest -g -O2   conftest.c  >&5
configure:5037: $? = 0
configure:5037: ./conftest
configure:5037: $? = 0
configure:5051: result: 4
configure:5065: checking for stdlib.h
configure:5065: result: yes
configure:5075: checking for GNU libc compatible malloc
configure:5099: gcc -o conftest -g -O2   conftest.c  >&5
configure:5099: $? = 0
configure:5099: ./conftest
configure:5099: $? = 0
configure:5109: result: yes
configure:5132: checking for stdlib.h
configure:5132: result: yes
configure:5142: checking for GNU libc compatible realloc
configure:5166: gcc -o conftest -g -O2   conftest.c  >&5
configure:5166: $? = 0
configure:5166: ./conftest
configure:5166: $? = 0
configure:5176: result: yes
configure:5197: checking whether lstat correctly handles trailing slash
configure:5223: gcc -o conftest -g -O2   conftest.c  >&5
configure:5223: $? = 0
configure:5223: ./conftest
configure:5223: $? = 0
configure:5240: result: yes
configure:5259: checking whether stat accepts an empty string
configure:5279: gcc -o conftest -g -O2   conftest.c  >&5
configure:5279: $? = 0
configure:5279: ./conftest
configure:5279: $? = 0
configure:5289: result: no
configure:5307: checking for vprintf
configure:5307: gcc -o conftest -g -O2   conftest.c  >&5
conftest.c:70:6: warning: conflicting types for built-in function 'vprintf'
 char vprintf ();
      ^~~~~~~
configure:5307: $? = 0
configure:5307: result: yes
configure:5313: checking for _doprnt
configure:5313: gcc -o conftest -g -O2   conftest.c  >&5
/tmp/cccIr8Yl.o: In function `main':
/home/yisu/PUP-test/4dfp/dcm_to_4dfp/conftest.c:82: undefined reference to `_doprnt'
collect2: error: ld returned 1 exit status
configure:5313: $? = 1
configure: failed program was:
| /* confdefs.h */
| #define PACKAGE_NAME "dcm_to_4dfp"
| #define PACKAGE_TARNAME "dcm_to_4dfp"
| #define PACKAGE_VERSION "1.0.3"
| #define PACKAGE_STRING "dcm_to_4dfp 1.0.3"
| #define PACKAGE_BUGREPORT "karchie@wustl.edu"
| #define PACKAGE_URL ""
| #define PACKAGE "dcm_to_4dfp"
| #define VERSION "1.0.3"
| #define HAVE_DIRENT_H 1
| #define STDC_HEADERS 1
| #define HAVE_SYS_WAIT_H 1
| #define HAVE_SYS_TYPES_H 1
| #define HAVE_SYS_STAT_H 1
| #define HAVE_STDLIB_H 1
| #define HAVE_STRING_H 1
| #define HAVE_MEMORY_H 1
| #define HAVE_STRINGS_H 1
| #define HAVE_INTTYPES_H 1
| #define HAVE_STDINT_H 1
| #define HAVE_UNISTD_H 1
| #define HAVE_FCNTL_H 1
| #define HAVE_LIMITS_H 1
| #define HAVE_MALLOC_H 1
| #define HAVE_NETDB_H 1
| #define HAVE_NETINET_IN_H 1
| #define HAVE_STDDEF_H 1
| #define HAVE_STDLIB_H 1
| #define HAVE_STRING_H 1
| #define HAVE_SYS_FILE_H 1
| #define HAVE_SYS_PARAM_H 1
| #define HAVE_SYS_SOCKET_H 1
| #define HAVE_SYS_TIME_H 1
| #define HAVE_SYS_TIMEB_H 1
| #define HAVE_UNISTD_H 1
| #define HAVE_REGEX_H 1
| #define TIME_WITH_SYS_TIME 1
| #define SIZEOF_SHORT 2
| #define SIZEOF_LONG 8
| #define SIZEOF_INT 4
| #define HAVE_STDLIB_H 1
| #define HAVE_MALLOC 1
| #define HAVE_STDLIB_H 1
| #define HAVE_REALLOC 1
| #define LSTAT_FOLLOWS_SLASHED_SYMLINK 1
| #define HAVE_VPRINTF 1
| /* end confdefs.h.  */
| /* Define _doprnt to an innocuous variant, in case <limits.h> declares _doprnt.
|    For example, HP-UX 11i <limits.h> declares gettimeofday.  */
| #define _doprnt innocuous__doprnt
| 
| /* System header to define __stub macros and hopefully few prototypes,
|     which can conflict with char _doprnt (); below.
|     Prefer <limits.h> to <assert.h> if __STDC__ is defined, since
|     <limits.h> exists even on freestanding compilers.  */
| 
| #ifdef __STDC__
| # include <limits.h>
| #else
| # include <assert.h>
| #endif
| 
| #undef _doprnt
| 
| /* Override any GCC internal prototype to avoid an error.
|    Use char because int might match the return type of a GCC
|    builtin and then its argument prototype would still apply.  */
| #ifdef __cplusplus
| extern "C"
| #endif
| char _doprnt ();
| /* The GNU C library defines this for functions which it implements
|     to always fail with ENOSYS.  Some functions are actually named
|     something starting with __ and the normal name is an alias.  */
| #if defined __stub__doprnt || defined __stub____doprnt
| choke me
| #endif
| 
| int
| main ()
| {
| return _doprnt ();
|   ;
|   return 0;
| }
configure:5313: result: no
configure:5327: checking for gettimeofday
configure:5327: gcc -o conftest -g -O2   conftest.c  >&5
configure:5327: $? = 0
configure:5327: result: yes
configure:5327: checking for memset
configure:5327: gcc -o conftest -g -O2   conftest.c  >&5
conftest.c:72:6: warning: conflicting types for built-in function 'memset'
 char memset ();
      ^~~~~~
configure:5327: $? = 0
configure:5327: result: yes
configure:5327: checking for mkdir
configure:5327: gcc -o conftest -g -O2   conftest.c  >&5
configure:5327: $? = 0
configure:5327: result: yes
configure:5327: checking for re_comp
configure:5327: gcc -o conftest -g -O2   conftest.c  >&5
configure:5327: $? = 0
configure:5327: result: yes
configure:5327: checking for regcomp
configure:5327: gcc -o conftest -g -O2   conftest.c  >&5
configure:5327: $? = 0
configure:5327: result: yes
configure:5327: checking for sqrt
configure:5327: gcc -o conftest -g -O2   conftest.c  >&5
conftest.c:76:6: warning: conflicting types for built-in function 'sqrt'
 char sqrt ();
      ^~~~
/tmp/ccmso6QC.o: In function `main':
/home/yisu/PUP-test/4dfp/dcm_to_4dfp/conftest.c:87: undefined reference to `sqrt'
collect2: error: ld returned 1 exit status
configure:5327: $? = 1
configure: failed program was:
| /* confdefs.h */
| #define PACKAGE_NAME "dcm_to_4dfp"
| #define PACKAGE_TARNAME "dcm_to_4dfp"
| #define PACKAGE_VERSION "1.0.3"
| #define PACKAGE_STRING "dcm_to_4dfp 1.0.3"
| #define PACKAGE_BUGREPORT "karchie@wustl.edu"
| #define PACKAGE_URL ""
| #define PACKAGE "dcm_to_4dfp"
| #define VERSION "1.0.3"
| #define HAVE_DIRENT_H 1
| #define STDC_HEADERS 1
| #define HAVE_SYS_WAIT_H 1
| #define HAVE_SYS_TYPES_H 1
| #define HAVE_SYS_STAT_H 1
| #define HAVE_STDLIB_H 1
| #define HAVE_STRING_H 1
| #define HAVE_MEMORY_H 1
| #define HAVE_STRINGS_H 1
| #define HAVE_INTTYPES_H 1
| #define HAVE_STDINT_H 1
| #define HAVE_UNISTD_H 1
| #define HAVE_FCNTL_H 1
| #define HAVE_LIMITS_H 1
| #define HAVE_MALLOC_H 1
| #define HAVE_NETDB_H 1
| #define HAVE_NETINET_IN_H 1
| #define HAVE_STDDEF_H 1
| #define HAVE_STDLIB_H 1
| #define HAVE_STRING_H 1
| #define HAVE_SYS_FILE_H 1
| #define HAVE_SYS_PARAM_H 1
| #define HAVE_SYS_SOCKET_H 1
| #define HAVE_SYS_TIME_H 1
| #define HAVE_SYS_TIMEB_H 1
| #define HAVE_UNISTD_H 1
| #define HAVE_REGEX_H 1
| #define TIME_WITH_SYS_TIME 1
| #define SIZEOF_SHORT 2
| #define SIZEOF_LONG 8
| #define SIZEOF_INT 4
| #define HAVE_STDLIB_H 1
| #define HAVE_MALLOC 1
| #define HAVE_STDLIB_H 1
| #define HAVE_REALLOC 1
| #define LSTAT_FOLLOWS_SLASHED_SYMLINK 1
| #define HAVE_VPRINTF 1
| #define HAVE_GETTIMEOFDAY 1
| #define HAVE_MEMSET 1
| #define HAVE_MKDIR 1
| #define HAVE_RE_COMP 1
| #define HAVE_REGCOMP 1
| /* end confdefs.h.  */
| /* Define sqrt to an innocuous variant, in case <limits.h> declares sqrt.
|    For example, HP-UX 11i <limits.h> declares gettimeofday.  */
| #define sqrt innocuous_sqrt
| 
| /* System header to define __stub macros and hopefully few prototypes,
|     which can conflict with char sqrt (); below.
|     Prefer <limits.h> to <assert.h> if __STDC__ is defined, since
|     <limits.h> exists even on freestanding compilers.  */
| 
| #ifdef __STDC__
| # include <limits.h>
| #else
| # include <assert.h>
| #endif
| 
| #undef sqrt
| 
| /* Override any GCC internal prototype to avoid an error.
|    Use char because int might match the return type of a GCC
|    builtin and then its argument prototype would still apply.  */
| #ifdef __cplusplus
| extern "C"
| #endif
| char sqrt ();
| /* The GNU C library defines this for functions which it implements
|     to always fail with ENOSYS.  Some functions are actually named
|     something starting with __ and the normal name is an alias.  */
| #if defined __stub_sqrt || defined __stub___sqrt
| choke me
| #endif
| 
| int
| main ()
| {
| return sqrt ();
|   ;
|   return 0;
| }
configure:5327: result: no
configure:5327: checking for strchr
configure:5327: gcc -o conftest -g -O2   conftest.c  >&5
conftest.c:76:6: warning: conflicting types for built-in function 'strchr'
 char strchr ();
      ^~~~~~
configure:5327: $? = 0
configure:5327: result: yes
configure:5327: checking for strerror
configure:5327: gcc -o conftest -g -O2   conftest.c  >&5
configure:5327: $? = 0
configure:5327: result: yes
configure:5327: checking for strrchr
configure:5327: gcc -o conftest -g -O2   conftest.c  >&5
conftest.c:78:6: warning: conflicting types for built-in function 'strrchr'
 char strrchr ();
      ^~~~~~~
configure:5327: $? = 0
configure:5327: result: yes
configure:5327: checking for strstr
configure:5327: gcc -o conftest -g -O2   conftest.c  >&5
conftest.c:79:6: warning: conflicting types for built-in function 'strstr'
 char strstr ();
      ^~~~~~
configure:5327: $? = 0
configure:5327: result: yes
configure:5327: checking for uname
configure:5327: gcc -o conftest -g -O2   conftest.c  >&5
configure:5327: $? = 0
configure:5327: result: yes
configure:5337: checking for library containing sqrt
configure:5368: gcc -o conftest -g -O2   conftest.c  >&5
conftest.c:65:6: warning: conflicting types for built-in function 'sqrt'
 char sqrt ();
      ^~~~
/tmp/cc9mvWgS.o: In function `main':
/home/yisu/PUP-test/4dfp/dcm_to_4dfp/conftest.c:69: undefined reference to `sqrt'
collect2: error: ld returned 1 exit status
configure:5368: $? = 1
configure: failed program was:
| /* confdefs.h */
| #define PACKAGE_NAME "dcm_to_4dfp"
| #define PACKAGE_TARNAME "dcm_to_4dfp"
| #define PACKAGE_VERSION "1.0.3"
| #define PACKAGE_STRING "dcm_to_4dfp 1.0.3"
| #define PACKAGE_BUGREPORT "karchie@wustl.edu"
| #define PACKAGE_URL ""
| #define PACKAGE "dcm_to_4dfp"
| #define VERSION "1.0.3"
| #define HAVE_DIRENT_H 1
| #define STDC_HEADERS 1
| #define HAVE_SYS_WAIT_H 1
| #define HAVE_SYS_TYPES_H 1
| #define HAVE_SYS_STAT_H 1
| #define HAVE_STDLIB_H 1
| #define HAVE_STRING_H 1
| #define HAVE_MEMORY_H 1
| #define HAVE_STRINGS_H 1
| #define HAVE_INTTYPES_H 1
| #define HAVE_STDINT_H 1
| #define HAVE_UNISTD_H 1
| #define HAVE_FCNTL_H 1
| #define HAVE_LIMITS_H 1
| #define HAVE_MALLOC_H 1
| #define HAVE_NETDB_H 1
| #define HAVE_NETINET_IN_H 1
| #define HAVE_STDDEF_H 1
| #define HAVE_STDLIB_H 1
| #define HAVE_STRING_H 1
| #define HAVE_SYS_FILE_H 1
| #define HAVE_SYS_PARAM_H 1
| #define HAVE_SYS_SOCKET_H 1
| #define HAVE_SYS_TIME_H 1
| #define HAVE_SYS_TIMEB_H 1
| #define HAVE_UNISTD_H 1
| #define HAVE_REGEX_H 1
| #define TIME_WITH_SYS_TIME 1
| #define SIZEOF_SHORT 2
| #define SIZEOF_LONG 8
| #define SIZEOF_INT 4
| #define HAVE_STDLIB_H 1
| #define HAVE_MALLOC 1
| #define HAVE_STDLIB_H 1
| #define HAVE_REALLOC 1
| #define LSTAT_FOLLOWS_SLASHED_SYMLINK 1
| #define HAVE_VPRINTF 1
| #define HAVE_GETTIMEOFDAY 1
| #define HAVE_MEMSET 1
| #define HAVE_MKDIR 1
| #define HAVE_RE_COMP 1
| #define HAVE_REGCOMP 1
| #define HAVE_STRCHR 1
| #define HAVE_STRERROR 1
| #define HAVE_STRRCHR 1
| #define HAVE_STRSTR 1
| #define HAVE_UNAME 1
| /* end confdefs.h.  */
| 
| /* Override any GCC internal prototype to avoid an error.
|    Use char because int might match the return type of a GCC
|    builtin and then its argument prototype would still apply.  */
| #ifdef __cplusplus
| extern "C"
| #endif
| char sqrt ();
| int
| main ()
| {
| return sqrt ();
|   ;
|   return 0;
| }
configure:5368: gcc -o conftest -g -O2   conftest.c -lm   >&5
conftest.c:65:6: warning: conflicting types for built-in function 'sqrt'
 char sqrt ();
      ^~~~
configure:5368: $? = 0
configure:5385: result: -lm
configure:5395: checking for library containing CU_basic_run_tests
configure:5426: gcc -o conftest -g -O2   conftest.c -lm  >&5
/tmp/ccmSukKL.o: In function `main':
/home/yisu/PUP-test/4dfp/dcm_to_4dfp/conftest.c:69: undefined reference to `CU_basic_run_tests'
collect2: error: ld returned 1 exit status
configure:5426: $? = 1
configure: failed program was:
| /* confdefs.h */
| #define PACKAGE_NAME "dcm_to_4dfp"
| #define PACKAGE_TARNAME "dcm_to_4dfp"
| #define PACKAGE_VERSION "1.0.3"
| #define PACKAGE_STRING "dcm_to_4dfp 1.0.3"
| #define PACKAGE_BUGREPORT "karchie@wustl.edu"
| #define PACKAGE_URL ""
| #define PACKAGE "dcm_to_4dfp"
| #define VERSION "1.0.3"
| #define HAVE_DIRENT_H 1
| #define STDC_HEADERS 1
| #define HAVE_SYS_WAIT_H 1
| #define HAVE_SYS_TYPES_H 1
| #define HAVE_SYS_STAT_H 1
| #define HAVE_STDLIB_H 1
| #define HAVE_STRING_H 1
| #define HAVE_MEMORY_H 1
| #define HAVE_STRINGS_H 1
| #define HAVE_INTTYPES_H 1
| #define HAVE_STDINT_H 1
| #define HAVE_UNISTD_H 1
| #define HAVE_FCNTL_H 1
| #define HAVE_LIMITS_H 1
| #define HAVE_MALLOC_H 1
| #define HAVE_NETDB_H 1
| #define HAVE_NETINET_IN_H 1
| #define HAVE_STDDEF_H 1
| #define HAVE_STDLIB_H 1
| #define HAVE_STRING_H 1
| #define HAVE_SYS_FILE_H 1
| #define HAVE_SYS_PARAM_H 1
| #define HAVE_SYS_SOCKET_H 1
| #define HAVE_SYS_TIME_H 1
| #define HAVE_SYS_TIMEB_H 1
| #define HAVE_UNISTD_H 1
| #define HAVE_REGEX_H 1
| #define TIME_WITH_SYS_TIME 1
| #define SIZEOF_SHORT 2
| #define SIZEOF_LONG 8
| #define SIZEOF_INT 4
| #define HAVE_STDLIB_H 1
| #define HAVE_MALLOC 1
| #define HAVE_STDLIB_H 1
| #define HAVE_REALLOC 1
| #define LSTAT_FOLLOWS_SLASHED_SYMLINK 1
| #define HAVE_VPRINTF 1
| #define HAVE_GETTIMEOFDAY 1
| #define HAVE_MEMSET 1
| #define HAVE_MKDIR 1
| #define HAVE_RE_COMP 1
| #define HAVE_REGCOMP 1
| #define HAVE_STRCHR 1
| #define HAVE_STRERROR 1
| #define HAVE_STRRCHR 1
| #define HAVE_STRSTR 1
| #define HAVE_UNAME 1
| /* end confdefs.h.  */
| 
| /* Override any GCC internal prototype to avoid an error.
|    Use char because int might match the return type of a GCC
|    builtin and then its argument prototype would still apply.  */
| #ifdef __cplusplus
| extern "C"
| #endif
| char CU_basic_run_tests ();
| int
| main ()
| {
| return CU_basic_run_tests ();
|   ;
|   return 0;
| }
configure:5426: gcc -o conftest -g -O2   conftest.c -lcunit  -lm  >&5
/usr/bin/ld: cannot find -lcunit
collect2: error: ld returned 1 exit status
configure:5426: $? = 1
configure: failed program was:
| /* confdefs.h */
| #define PACKAGE_NAME "dcm_to_4dfp"
| #define PACKAGE_TARNAME "dcm_to_4dfp"
| #define PACKAGE_VERSION "1.0.3"
| #define PACKAGE_STRING "dcm_to_4dfp 1.0.3"
| #define PACKAGE_BUGREPORT "karchie@wustl.edu"
| #define PACKAGE_URL ""
| #define PACKAGE "dcm_to_4dfp"
| #define VERSION "1.0.3"
| #define HAVE_DIRENT_H 1
| #define STDC_HEADERS 1
| #define HAVE_SYS_WAIT_H 1
| #define HAVE_SYS_TYPES_H 1
| #define HAVE_SYS_STAT_H 1
| #define HAVE_STDLIB_H 1
| #define HAVE_STRING_H 1
| #define HAVE_MEMORY_H 1
| #define HAVE_STRINGS_H 1
| #define HAVE_INTTYPES_H 1
| #define HAVE_STDINT_H 1
| #define HAVE_UNISTD_H 1
| #define HAVE_FCNTL_H 1
| #define HAVE_LIMITS_H 1
| #define HAVE_MALLOC_H 1
| #define HAVE_NETDB_H 1
| #define HAVE_NETINET_IN_H 1
| #define HAVE_STDDEF_H 1
| #define HAVE_STDLIB_H 1
| #define HAVE_STRING_H 1
| #define HAVE_SYS_FILE_H 1
| #define HAVE_SYS_PARAM_H 1
| #define HAVE_SYS_SOCKET_H 1
| #define HAVE_SYS_TIME_H 1
| #define HAVE_SYS_TIMEB_H 1
| #define HAVE_UNISTD_H 1
| #define HAVE_REGEX_H 1
| #define TIME_WITH_SYS_TIME 1
| #define SIZEOF_SHORT 2
| #define SIZEOF_LONG 8
| #define SIZEOF_INT 4
| #define HAVE_STDLIB_H 1
| #define HAVE_MALLOC 1
| #define HAVE_STDLIB_H 1
| #define HAVE_REALLOC 1
| #define LSTAT_FOLLOWS_SLASHED_SYMLINK 1
| #define HAVE_VPRINTF 1
| #define HAVE_GETTIMEOFDAY 1
| #define HAVE_MEMSET 1
| #define HAVE_MKDIR 1
| #define HAVE_RE_COMP 1
| #define HAVE_REGCOMP 1
| #define HAVE_STRCHR 1
| #define HAVE_STRERROR 1
| #define HAVE_STRRCHR 1
| #define HAVE_STRSTR 1
| #define HAVE_UNAME 1
| /* end confdefs.h.  */
| 
| /* Override any GCC internal prototype to avoid an error.
|    Use char because int might match the return type of a GCC
|    builtin and then its argument prototype would still apply.  */
| #ifdef __cplusplus
| extern "C"
| #endif
| char CU_basic_run_tests ();
| int
| main ()
| {
| return CU_basic_run_tests ();
|   ;
|   return 0;
| }
configure:5443: result: no
configure:5589: creating ./config.status

## ---------------------- ##
## Running config.status. ##
## ---------------------- ##

This file was extended by dcm_to_4dfp config.status 1.0.3, which was
generated by GNU Autoconf 2.69.  Invocation command line was

  CONFIG_FILES    = 
  CONFIG_HEADERS  = 
  CONFIG_LINKS    = 
  CONFIG_COMMANDS = 
  $ ./config.status 

on interstellar

config.status:889: creating Makefile
config.status:889: creating include/Makefile
config.status:889: creating config.h
config.status:1070: config.h is unchanged
config.status:1118: executing depfiles commands

## ---------------- ##
## Cache variables. ##
## ---------------- ##

ac_cv_c_compiler_gnu=yes
ac_cv_c_const=yes
ac_cv_env_CC_set=
ac_cv_env_CC_value=
ac_cv_env_CFLAGS_set=
ac_cv_env_CFLAGS_value=
ac_cv_env_CPPFLAGS_set=
ac_cv_env_CPPFLAGS_value=
ac_cv_env_CPP_set=
ac_cv_env_CPP_value=
ac_cv_env_LDFLAGS_set=
ac_cv_env_LDFLAGS_value=
ac_cv_env_LIBS_set=
ac_cv_env_LIBS_value=
ac_cv_env_build_alias_set=
ac_cv_env_build_alias_value=
ac_cv_env_host_alias_set=
ac_cv_env_host_alias_value=
ac_cv_env_target_alias_set=
ac_cv_env_target_alias_value=
ac_cv_file__home_yisu_PUP_test_4dfp_TRX_Getifh_o=yes
ac_cv_file__home_yisu_PUP_test_4dfp_TRX_endianio_o=yes
ac_cv_file__home_yisu_PUP_test_4dfp_TRX_rec_o=yes
ac_cv_func__doprnt=no
ac_cv_func_gettimeofday=yes
ac_cv_func_lstat_dereferences_slashed_symlink=yes
ac_cv_func_malloc_0_nonnull=yes
ac_cv_func_memset=yes
ac_cv_func_mkdir=yes
ac_cv_func_re_comp=yes
ac_cv_func_realloc_0_nonnull=yes
ac_cv_func_regcomp=yes
ac_cv_func_sqrt=no
ac_cv_func_stat_empty_string_bug=no
ac_cv_func_strchr=yes
ac_cv_func_strerror=yes
ac_cv_func_strrchr=yes
ac_cv_func_strstr=yes
ac_cv_func_uname=yes
ac_cv_func_vprintf=yes
ac_cv_header_dirent_dirent_h=yes
ac_cv_header_fcntl_h=yes
ac_cv_header_inttypes_h=yes
ac_cv_header_limits_h=yes
ac_cv_header_malloc_h=yes
ac_cv_header_memory_h=yes
ac_cv_header_netdb_h=yes
ac_cv_header_netinet_in_h=yes
ac_cv_header_regex_h=yes
ac_cv_header_stdc=yes
ac_cv_header_stddef_h=yes
ac_cv_header_stdint_h=yes
ac_cv_header_stdlib_h=yes
ac_cv_header_string_h=yes
ac_cv_header_strings_h=yes
ac_cv_header_sys_file_h=yes
ac_cv_header_sys_param_h=yes
ac_cv_header_sys_socket_h=yes
ac_cv_header_sys_stat_h=yes
ac_cv_header_sys_time_h=yes
ac_cv_header_sys_timeb_h=yes
ac_cv_header_sys_types_h=yes
ac_cv_header_sys_wait_h=yes
ac_cv_header_time=yes
ac_cv_header_unistd_h=yes
ac_cv_objext=o
ac_cv_path_EGREP='/bin/grep -E'
ac_cv_path_GREP=/bin/grep
ac_cv_path_install='/usr/bin/install -c'
ac_cv_path_mkdir=/bin/mkdir
ac_cv_prog_AWK=mawk
ac_cv_prog_CPP='gcc -E'
ac_cv_prog_ac_ct_CC=gcc
ac_cv_prog_ac_ct_RANLIB=ranlib
ac_cv_prog_cc_c89=
ac_cv_prog_cc_g=yes
ac_cv_prog_cc_gcc_c_o=yes
ac_cv_prog_make_make_set=yes
ac_cv_search_CU_basic_run_tests=no
ac_cv_search_opendir='none required'
ac_cv_search_sqrt=-lm
ac_cv_sizeof_int=4
ac_cv_sizeof_long=8
ac_cv_sizeof_short=2
ac_cv_struct_tm=time.h
ac_cv_type_off_t=yes
ac_cv_type_size_t=yes
am_cv_CC_dependencies_compiler_type=gcc3

## ----------------- ##
## Output variables. ##
## ----------------- ##

ACLOCAL='${SHELL} /home/yisu/PUP-test/4dfp/dcm_to_4dfp/missing --run aclocal-1.11'
AMDEPBACKSLASH='\'
AMDEP_FALSE='#'
AMDEP_TRUE=''
AMTAR='$${TAR-tar}'
AUTOCONF='${SHELL} /home/yisu/PUP-test/4dfp/dcm_to_4dfp/missing --run autoconf'
AUTOHEADER='${SHELL} /home/yisu/PUP-test/4dfp/dcm_to_4dfp/missing --run autoheader'
AUTOMAKE='${SHELL} /home/yisu/PUP-test/4dfp/dcm_to_4dfp/missing --run automake-1.11'
AWK='mawk'
CC='gcc'
CCDEPMODE='depmode=gcc3'
CFLAGS='-g -O2'
CPP='gcc -E'
CPPFLAGS=''
CYGPATH_W='echo'
DEFS='-DHAVE_CONFIG_H'
DEPDIR='.deps'
ECHO_C=''
ECHO_N='-n'
ECHO_T=''
EGREP='/bin/grep -E'
EXEEXT=''
GITPREREQ=''
GREP='/bin/grep'
INSTALL_DATA='${INSTALL} -m 644'
INSTALL_PROGRAM='${INSTALL}'
INSTALL_SCRIPT='${INSTALL}'
INSTALL_STRIP_PROGRAM='$(install_sh) -c -s'
LDFLAGS=''
LIBOBJS=''
LIBS='-lm '
LTLIBOBJS=''
MAKEINFO='${SHELL} /home/yisu/PUP-test/4dfp/dcm_to_4dfp/missing --run makeinfo'
MKDIR_P='/bin/mkdir -p'
OBJEXT='o'
PACKAGE='dcm_to_4dfp'
PACKAGE_BUGREPORT='karchie@wustl.edu'
PACKAGE_NAME='dcm_to_4dfp'
PACKAGE_STRING='dcm_to_4dfp 1.0.3'
PACKAGE_TARNAME='dcm_to_4dfp'
PACKAGE_URL=''
PACKAGE_VERSION='1.0.3'
PATH_SEPARATOR=':'
RANLIB='ranlib'
SET_MAKE=''
SHELL='/bin/bash'
STRIP=''
TRX='/home/yisu/PUP-test/4dfp/TRX'
VERSION='1.0.3'
ac_ct_CC='gcc'
am__EXEEXT_FALSE=''
am__EXEEXT_TRUE='#'
am__fastdepCC_FALSE='#'
am__fastdepCC_TRUE=''
am__include='include'
am__isrc=''
am__leading_dot='.'
am__nodep='_no'
am__quote=''
am__tar='$${TAR-tar} chof - "$$tardir"'
am__untar='$${TAR-tar} xf -'
bindir='${exec_prefix}/bin'
build_alias=''
datadir='${datarootdir}'
datarootdir='${prefix}/share'
docdir='${datarootdir}/doc/${PACKAGE_TARNAME}'
dvidir='${docdir}'
exec_prefix='/home/yisu/niltools'
host_alias=''
htmldir='${docdir}'
includedir='${prefix}/include'
infodir='${datarootdir}/info'
install_sh='${SHELL} /home/yisu/PUP-test/4dfp/dcm_to_4dfp/install-sh'
libdir='${exec_prefix}/lib'
libexecdir='${exec_prefix}/libexec'
localedir='${datarootdir}/locale'
localstatedir='${prefix}/var'
mandir='${datarootdir}/man'
mkdir_p='/bin/mkdir -p'
oldincludedir='/usr/include'
pdfdir='${docdir}'
prefix='/usr/local'
program_transform_name='s,x,x,'
psdir='${docdir}'
sbindir='${exec_prefix}/sbin'
sharedstatedir='${prefix}/com'
sysconfdir='${prefix}/etc'
target_alias=''

## ----------- ##
## confdefs.h. ##
## ----------- ##

/* confdefs.h */
#define PACKAGE_NAME "dcm_to_4dfp"
#define PACKAGE_TARNAME "dcm_to_4dfp"
#define PACKAGE_VERSION "1.0.3"
#define PACKAGE_STRING "dcm_to_4dfp 1.0.3"
#define PACKAGE_BUGREPORT "karchie@wustl.edu"
#define PACKAGE_URL ""
#define PACKAGE "dcm_to_4dfp"
#define VERSION "1.0.3"
#define HAVE_DIRENT_H 1
#define STDC_HEADERS 1
#define HAVE_SYS_WAIT_H 1
#define HAVE_SYS_TYPES_H 1
#define HAVE_SYS_STAT_H 1
#define HAVE_STDLIB_H 1
#define HAVE_STRING_H 1
#define HAVE_MEMORY_H 1
#define HAVE_STRINGS_H 1
#define HAVE_INTTYPES_H 1
#define HAVE_STDINT_H 1
#define HAVE_UNISTD_H 1
#define HAVE_FCNTL_H 1
#define HAVE_LIMITS_H 1
#define HAVE_MALLOC_H 1
#define HAVE_NETDB_H 1
#define HAVE_NETINET_IN_H 1
#define HAVE_STDDEF_H 1
#define HAVE_STDLIB_H 1
#define HAVE_STRING_H 1
#define HAVE_SYS_FILE_H 1
#define HAVE_SYS_PARAM_H 1
#define HAVE_SYS_SOCKET_H 1
#define HAVE_SYS_TIME_H 1
#define HAVE_SYS_TIMEB_H 1
#define HAVE_UNISTD_H 1
#define HAVE_REGEX_H 1
#define TIME_WITH_SYS_TIME 1
#define SIZEOF_SHORT 2
#define SIZEOF_LONG 8
#define SIZEOF_INT 4
#define HAVE_STDLIB_H 1
#define HAVE_MALLOC 1
#define HAVE_STDLIB_H 1
#define HAVE_REALLOC 1
#define LSTAT_FOLLOWS_SLASHED_SYMLINK 1
#define HAVE_VPRINTF 1
#define HAVE_GETTIMEOFDAY 1
#define HAVE_MEMSET 1
#define HAVE_MKDIR 1
#define HAVE_RE_COMP 1
#define HAVE_REGCOMP 1
#define HAVE_STRCHR 1
#define HAVE_STRERROR 1
#define HAVE_STRRCHR 1
#define HAVE_STRSTR 1
#define HAVE_UNAME 1

configure: exit 0
